#
# There is insufficient memory for the Java Runtime Environment to continue.
# Native memory allocation (malloc) failed to allocate 1048576 bytes. Error detail: AllocateHeap
# Possible reasons:
#   The system is out of physical RAM or swap space
#   This process is running with CompressedOops enabled, and the Java Heap may be blocking the growth of the native heap
# Possible solutions:
#   Reduce memory load on the system
#   Increase physical memory or swap space
#   Check if swap backing store is full
#   Decrease Java heap size (-Xmx/-Xms)
#   Decrease number of Java threads
#   Decrease Java thread stack sizes (-Xss)
#   Set larger code cache with -XX:ReservedCodeCacheSize=
#   JVM is running with Unscaled Compressed Oops mode in which the Java heap is
#     placed in the first 4GB address space. The Java Heap base address is the
#     maximum limit for the native heap growth. Please use -XX:HeapBaseMinAddress
#     to set the Java Heap base and to place the Java Heap above 4GB virtual address.
# This output file may be truncated or incomplete.
#
#  Out of Memory Error (allocation.cpp:44), pid=11396, tid=47804
#
# JRE version: OpenJDK Runtime Environment Temurin-21.0.10+7 (21.0.10+7) (build 21.0.10+7-LTS)
# Java VM: OpenJDK 64-Bit Server VM Temurin-21.0.10+7 (21.0.10+7-LTS, mixed mode, sharing, tiered, compressed oops, compressed class ptrs, parallel gc, windows-amd64)
# No core dump will be written. Minidumps are not enabled by default on client versions of Windows
#

---------------  S U M M A R Y ------------

Command Line: --add-modules=ALL-SYSTEM --add-opens=java.base/java.util=ALL-UNNAMED --add-opens=java.base/java.lang=ALL-UNNAMED --add-opens=java.base/sun.nio.fs=ALL-UNNAMED -Declipse.application=org.eclipse.jdt.ls.core.id1 -Dosgi.bundles.defaultStartLevel=4 -Declipse.product=org.eclipse.jdt.ls.core.product -Djava.import.generatesMetadataFilesAtProjectRoot=false -DDetectVMInstallationsJob.disabled=true -Dfile.encoding=utf8 -XX:+UseParallelGC -XX:GCTimeRatio=4 -XX:AdaptiveSizePolicyWeight=90 -Dsun.zip.disableMemoryMapping=true -Xmx2G -Xms100m -Xlog:disable -javaagent:c:\Users\jialm\.vscode\extensions\redhat.java-1.54.0-win32-x64\lombok\lombok-1.18.39-4050.jar -XX:+HeapDumpOnOutOfMemoryError -XX:HeapDumpPath=c:\Users\jialm\AppData\Roaming\Code\User\workspaceStorage\eae8f8868af4ed58ebe544d378d278c2\redhat.java -Daether.dependencyCollector.impl=bf c:\Users\jialm\.vscode\extensions\redhat.java-1.54.0-win32-x64\server\plugins\org.eclipse.equinox.launcher_1.7.100.v20251111-0406.jar -configuration c:\Users\jialm\AppData\Roaming\Code\User\globalStorage\redhat.java\1.54.0\config_win -data c:\Users\jialm\AppData\Roaming\Code\User\workspaceStorage\eae8f8868af4ed58ebe544d378d278c2\redhat.java\jdt_ws --pipe=\\.\pipe\lsp-b4f292e4b59f2de34aec6be78678b56e-sock

Host: AMD Ryzen 9 9950X 16-Core Processor            , 32 cores, 47G,  Windows 11 , 64 bit Build 26100 (10.0.26100.8328)
Time: Mon May 25 13:58:42 2026 elapsed time: 330726.562946 seconds (3d 19h 52m 6s)

---------------  T H R E A D  ---------------

Current thread (0x0000022c6d4dc2f0):  JavaThread "Attach Listener" daemon [_thread_in_vm, id=47804, stack(0x000000a275e00000,0x000000a275f00000) (1024K)]

Stack: [0x000000a275e00000,0x000000a275f00000]
Native frames: (J=compiled Java code, j=interpreted, Vv=VM code, C=native code)
V  [jvm.dll+0x6d7a39]
V  [jvm.dll+0x8b4b26]
V  [jvm.dll+0x8b70de]
V  [jvm.dll+0x8b77c3]
V  [jvm.dll+0x284346]
V  [jvm.dll+0xc1277]
V  [jvm.dll+0x6d82e9]
V  [jvm.dll+0x1334a6]
V  [jvm.dll+0x3f857e]
V  [jvm.dll+0x85f59d]
V  [jvm.dll+0x6d626d]
C  [ucrtbase.dll+0x37b0]
C  [KERNEL32.DLL+0x2e957]
C  [ntdll.dll+0x427c]


---------------  P R O C E S S  ---------------

Threads class SMR info:
_java_thread_list=0x0000022c7933e790, length=90, elements={
0x0000022c556119b0, 0x0000022c555bd870, 0x0000022c555be940, 0x0000022c6d4d93d0,
0x0000022c6d4dc2f0, 0x0000022c6d4dcfa0, 0x0000022c556bdff0, 0x0000022c556c6060,
0x0000022c556cae20, 0x0000022c75083910, 0x0000022c7517a1b0, 0x0000022c7591cf30,
0x0000022c7606eec0, 0x0000022c75db3840, 0x0000022c75d6fe80, 0x0000022c761b4560,
0x0000022c769390d0, 0x0000022c767f5290, 0x0000022c76dc93c0, 0x0000022c76dc65d0,
0x0000022c76dc86a0, 0x0000022c76dc8d30, 0x0000022c76dc72f0, 0x0000022c76dc7980,
0x0000022c78a80820, 0x0000022c78a84330, 0x0000022c78a83610, 0x0000022c78a80eb0,
0x0000022c78a83ca0, 0x0000022c78a849c0, 0x0000022c78a82f80, 0x0000022c78a82260,
0x0000022c78a81540, 0x0000022c78a85050, 0x0000022c78a81bd0, 0x0000022c78a856e0,
0x0000022c78a85d70, 0x0000022c78a828f0, 0x0000022c78a86400, 0x0000022c78a86a90,
0x0000022c78a87120, 0x0000022c78a877b0, 0x0000022c78a87e40, 0x0000022c78ec3c70,
0x0000022c78ec63d0, 0x0000022c78ec56b0, 0x0000022c78ec5d40, 0x0000022c78ec6a60,
0x0000022c78ec35e0, 0x0000022c78ec70f0, 0x0000022c78ec4300, 0x0000022c78ec7e10,
0x0000022c78ec7780, 0x0000022c78ec4990, 0x0000022c78ec84a0, 0x0000022c78ec5020,
0x0000022c78ec8b30, 0x0000022c78ec91c0, 0x0000022c78ec9850, 0x0000022c78eca570,
0x0000022c7ad19ba0, 0x0000022c7ad18160, 0x0000022c7ad1af50, 0x0000022c7ad19510,
0x0000022c7ad17440, 0x0000022c7ad187f0, 0x0000022c7ad1bc70, 0x0000022c7ad1d020,
0x0000022c7ad1d6b0, 0x0000022c7b407ba0, 0x0000022c7b4088c0, 0x0000022c7b408f50,
0x0000022c7b408230, 0x0000022c7b407510, 0x0000022c7b40bd40, 0x0000022c7b40b020,
0x0000022c7b40c3d0, 0x0000022c7b40ca60, 0x0000022c7b40d0f0, 0x0000022c7b40d780,
0x0000022c7b40de10, 0x0000022c7c31dd50, 0x0000022c7c31c9a0, 0x0000022c7c31d6c0,
0x0000022c7c31e3e0, 0x0000022c7c31ea70, 0x0000022c7c31d030, 0x0000022c7c31b5f0,
0x0000022c7c31f100, 0x0000022c7c31bc80
}

Java Threads: ( => current thread )
  0x0000022c556119b0 JavaThread "main"                              [_thread_blocked, id=54432, stack(0x000000a275700000,0x000000a275800000) (1024K)]
  0x0000022c555bd870 JavaThread "Reference Handler"          daemon [_thread_blocked, id=46812, stack(0x000000a275b00000,0x000000a275c00000) (1024K)]
  0x0000022c555be940 JavaThread "Finalizer"                  daemon [_thread_blocked, id=45800, stack(0x000000a275c00000,0x000000a275d00000) (1024K)]
  0x0000022c6d4d93d0 JavaThread "Signal Dispatcher"          daemon [_thread_blocked, id=47068, stack(0x000000a275d00000,0x000000a275e00000) (1024K)]
=>0x0000022c6d4dc2f0 JavaThread "Attach Listener"            daemon [_thread_in_vm, id=47804, stack(0x000000a275e00000,0x000000a275f00000) (1024K)]
  0x0000022c6d4dcfa0 JavaThread "Service Thread"             daemon [_thread_blocked, id=4528, stack(0x000000a275f00000,0x000000a276000000) (1024K)]
  0x0000022c556bdff0 JavaThread "Monitor Deflation Thread"   daemon [_thread_blocked, id=58436, stack(0x000000a276000000,0x000000a276100000) (1024K)]
  0x0000022c556c6060 JavaThread "C2 CompilerThread0"         daemon [_thread_blocked, id=45752, stack(0x000000a276100000,0x000000a276200000) (1024K)]
  0x0000022c556cae20 JavaThread "C1 CompilerThread0"         daemon [_thread_blocked, id=45656, stack(0x000000a276200000,0x000000a276300000) (1024K)]
  0x0000022c75083910 JavaThread "Common-Cleaner"             daemon [_thread_blocked, id=19248, stack(0x000000a276600000,0x000000a276700000) (1024K)]
  0x0000022c7517a1b0 JavaThread "Notification Thread"        daemon [_thread_blocked, id=53056, stack(0x000000a276a00000,0x000000a276b00000) (1024K)]
  0x0000022c7591cf30 JavaThread "Active Thread: Equinox Container: a08ba44b-00f2-490f-8e0f-66727c49048a"        [_thread_blocked, id=52988, stack(0x000000a277300000,0x000000a277400000) (1024K)]
  0x0000022c7606eec0 JavaThread "Refresh Thread: Equinox Container: a08ba44b-00f2-490f-8e0f-66727c49048a" daemon [_thread_blocked, id=38484, stack(0x000000a277500000,0x000000a277600000) (1024K)]
  0x0000022c75db3840 JavaThread "Framework Event Dispatcher: Equinox Container: a08ba44b-00f2-490f-8e0f-66727c49048a" daemon [_thread_blocked, id=62460, stack(0x000000a277600000,0x000000a277700000) (1024K)]
  0x0000022c75d6fe80 JavaThread "Start Level: Equinox Container: a08ba44b-00f2-490f-8e0f-66727c49048a" daemon [_thread_blocked, id=39588, stack(0x000000a277700000,0x000000a277800000) (1024K)]
  0x0000022c761b4560 JavaThread "Bundle File Closer"         daemon [_thread_blocked, id=47516, stack(0x000000a277b00000,0x000000a277c00000) (1024K)]
  0x0000022c769390d0 JavaThread "SCR Component Actor"        daemon [_thread_blocked, id=21300, stack(0x000000a276400000,0x000000a276500000) (1024K)]
  0x0000022c767f5290 JavaThread "Worker-JM"                         [_thread_blocked, id=31504, stack(0x000000a277200000,0x000000a277300000) (1024K)]
  0x0000022c76dc93c0 JavaThread "JNA Cleaner"                daemon [_thread_blocked, id=60548, stack(0x000000a278000000,0x000000a278100000) (1024K)]
  0x0000022c76dc65d0 JavaThread "Java indexing"              daemon [_thread_blocked, id=18084, stack(0x000000a278900000,0x000000a278a00000) (1024K)]
  0x0000022c76dc86a0 JavaThread "Worker-3"                          [_thread_blocked, id=59512, stack(0x000000a279400000,0x000000a279500000) (1024K)]
  0x0000022c76dc8d30 JavaThread "Thread-1"                   daemon [_thread_in_native, id=43496, stack(0x000000a279500000,0x000000a279600000) (1024K)]
  0x0000022c76dc72f0 JavaThread "Thread-2"                   daemon [_thread_in_native, id=32948, stack(0x000000a279600000,0x000000a279700000) (1024K)]
  0x0000022c76dc7980 JavaThread "Thread-3"                   daemon [_thread_in_native, id=35048, stack(0x000000a279700000,0x000000a279800000) (1024K)]
  0x0000022c78a80820 JavaThread "Thread-4"                   daemon [_thread_in_native, id=51612, stack(0x000000a279800000,0x000000a279900000) (1024K)]
  0x0000022c78a84330 JavaThread "Thread-5"                   daemon [_thread_in_native, id=51516, stack(0x000000a279900000,0x000000a279a00000) (1024K)]
  0x0000022c78a83610 JavaThread "Thread-6"                   daemon [_thread_in_native, id=42808, stack(0x000000a279a00000,0x000000a279b00000) (1024K)]
  0x0000022c78a80eb0 JavaThread "Thread-7"                   daemon [_thread_in_native, id=61368, stack(0x000000a279b00000,0x000000a279c00000) (1024K)]
  0x0000022c78a83ca0 JavaThread "Thread-8"                   daemon [_thread_in_native, id=38380, stack(0x000000a279c00000,0x000000a279d00000) (1024K)]
  0x0000022c78a849c0 JavaThread "Thread-9"                   daemon [_thread_in_native, id=42436, stack(0x000000a279d00000,0x000000a279e00000) (1024K)]
  0x0000022c78a82f80 JavaThread "Thread-10"                  daemon [_thread_in_native, id=54832, stack(0x000000a279e00000,0x000000a279f00000) (1024K)]
  0x0000022c78a82260 JavaThread "Thread-11"                  daemon [_thread_in_native, id=50132, stack(0x000000a279f00000,0x000000a27a000000) (1024K)]
  0x0000022c78a81540 JavaThread "Thread-12"                  daemon [_thread_in_native, id=28332, stack(0x000000a27a000000,0x000000a27a100000) (1024K)]
  0x0000022c78a85050 JavaThread "Thread-13"                  daemon [_thread_in_native, id=30652, stack(0x000000a27a100000,0x000000a27a200000) (1024K)]
  0x0000022c78a81bd0 JavaThread "Thread-14"                  daemon [_thread_in_native, id=56392, stack(0x000000a27a200000,0x000000a27a300000) (1024K)]
  0x0000022c78a856e0 JavaThread "Thread-15"                  daemon [_thread_in_native, id=38348, stack(0x000000a27a300000,0x000000a27a400000) (1024K)]
  0x0000022c78a85d70 JavaThread "Thread-16"                  daemon [_thread_in_native, id=45136, stack(0x000000a27a400000,0x000000a27a500000) (1024K)]
  0x0000022c78a828f0 JavaThread "Thread-17"                  daemon [_thread_in_native, id=19368, stack(0x000000a27a500000,0x000000a27a600000) (1024K)]
  0x0000022c78a86400 JavaThread "Thread-18"                  daemon [_thread_in_native, id=432, stack(0x000000a27a600000,0x000000a27a700000) (1024K)]
  0x0000022c78a86a90 JavaThread "Thread-19"                  daemon [_thread_in_native, id=18028, stack(0x000000a27a700000,0x000000a27a800000) (1024K)]
  0x0000022c78a87120 JavaThread "Thread-20"                  daemon [_thread_in_native, id=51776, stack(0x000000a27a800000,0x000000a27a900000) (1024K)]
  0x0000022c78a877b0 JavaThread "Thread-21"                  daemon [_thread_in_native, id=42536, stack(0x000000a27a900000,0x000000a27aa00000) (1024K)]
  0x0000022c78a87e40 JavaThread "Thread-22"                  daemon [_thread_in_native, id=35008, stack(0x000000a27aa00000,0x000000a27ab00000) (1024K)]
  0x0000022c78ec3c70 JavaThread "Thread-23"                  daemon [_thread_in_native, id=48140, stack(0x000000a27ab00000,0x000000a27ac00000) (1024K)]
  0x0000022c78ec63d0 JavaThread "Thread-24"                  daemon [_thread_in_native, id=10320, stack(0x000000a27ac00000,0x000000a27ad00000) (1024K)]
  0x0000022c78ec56b0 JavaThread "Thread-25"                  daemon [_thread_in_native, id=51320, stack(0x000000a27ad00000,0x000000a27ae00000) (1024K)]
  0x0000022c78ec5d40 JavaThread "Thread-26"                  daemon [_thread_in_native, id=37036, stack(0x000000a27ae00000,0x000000a27af00000) (1024K)]
  0x0000022c78ec6a60 JavaThread "Thread-27"                  daemon [_thread_in_native, id=39968, stack(0x000000a27af00000,0x000000a27b000000) (1024K)]
  0x0000022c78ec35e0 JavaThread "Thread-28"                  daemon [_thread_in_native, id=39892, stack(0x000000a27b000000,0x000000a27b100000) (1024K)]
  0x0000022c78ec70f0 JavaThread "Thread-29"                  daemon [_thread_in_native, id=38476, stack(0x000000a27b100000,0x000000a27b200000) (1024K)]
  0x0000022c78ec4300 JavaThread "Thread-30"                  daemon [_thread_in_native, id=58248, stack(0x000000a27b200000,0x000000a27b300000) (1024K)]
  0x0000022c78ec7e10 JavaThread "Thread-31"                  daemon [_thread_in_native, id=33072, stack(0x000000a27b300000,0x000000a27b400000) (1024K)]
  0x0000022c78ec7780 JavaThread "Thread-32"                  daemon [_thread_in_native, id=57304, stack(0x000000a27b400000,0x000000a27b500000) (1024K)]
  0x0000022c78ec4990 JavaThread "Thread-33"                  daemon [_thread_in_native, id=35892, stack(0x000000a27b500000,0x000000a27b600000) (1024K)]
  0x0000022c78ec84a0 JavaThread "pool-2-thread-1"                   [_thread_blocked, id=30288, stack(0x000000a27b600000,0x000000a27b700000) (1024K)]
  0x0000022c78ec5020 JavaThread "Timer-0"                           [_thread_blocked, id=9556, stack(0x000000a27b900000,0x000000a27ba00000) (1024K)]
  0x0000022c78ec8b30 JavaThread "Worker-4"                          [_thread_blocked, id=22916, stack(0x000000a27ba00000,0x000000a27bb00000) (1024K)]
  0x0000022c78ec91c0 JavaThread "Timer-1"                           [_thread_blocked, id=5492, stack(0x000000a27bb00000,0x000000a27bc00000) (1024K)]
  0x0000022c78ec9850 JavaThread "Timer-2"                           [_thread_blocked, id=56220, stack(0x000000a27bd00000,0x000000a27be00000) (1024K)]
  0x0000022c78eca570 JavaThread "Timer-4"                           [_thread_blocked, id=52020, stack(0x000000a27bf00000,0x000000a27c000000) (1024K)]
  0x0000022c7ad19ba0 JavaThread "Timer-5"                           [_thread_blocked, id=56012, stack(0x000000a27c000000,0x000000a27c100000) (1024K)]
  0x0000022c7ad18160 JavaThread "Timer-3"                           [_thread_blocked, id=60408, stack(0x000000a27c100000,0x000000a27c200000) (1024K)]
  0x0000022c7ad1af50 JavaThread "WorkspaceEventsHandler"            [_thread_blocked, id=11332, stack(0x000000a27c700000,0x000000a27c800000) (1024K)]
  0x0000022c7ad19510 JavaThread "pool-1-thread-1"                   [_thread_blocked, id=7264, stack(0x000000a27c800000,0x000000a27c900000) (1024K)]
  0x0000022c7ad17440 JavaThread "Timer-6"                           [_thread_blocked, id=17528, stack(0x000000a27c200000,0x000000a27c300000) (1024K)]
  0x0000022c7ad187f0 JavaThread "Timer-7"                           [_thread_blocked, id=2992, stack(0x000000a27c300000,0x000000a27c400000) (1024K)]
  0x0000022c7ad1bc70 JavaThread "Timer-8"                           [_thread_blocked, id=40128, stack(0x000000a27c400000,0x000000a27c500000) (1024K)]
  0x0000022c7ad1d020 JavaThread "Timer-9"                           [_thread_blocked, id=4648, stack(0x000000a27cb00000,0x000000a27cc00000) (1024K)]
  0x0000022c7ad1d6b0 JavaThread "Timer-10"                          [_thread_blocked, id=39048, stack(0x000000a27cc00000,0x000000a27cd00000) (1024K)]
  0x0000022c7b407ba0 JavaThread "Timer-11"                          [_thread_blocked, id=42368, stack(0x000000a277f00000,0x000000a278000000) (1024K)]
  0x0000022c7b4088c0 JavaThread "Timer-12"                          [_thread_blocked, id=38636, stack(0x000000a27d000000,0x000000a27d100000) (1024K)]
  0x0000022c7b408f50 JavaThread "Timer-13"                          [_thread_blocked, id=50584, stack(0x000000a276700000,0x000000a276800000) (1024K)]
  0x0000022c7b408230 JavaThread "Timer-14"                          [_thread_blocked, id=13684, stack(0x000000a278500000,0x000000a278600000) (1024K)]
  0x0000022c7b407510 JavaThread "Timer-15"                          [_thread_blocked, id=18176, stack(0x000000a279200000,0x000000a279300000) (1024K)]
  0x0000022c7b40bd40 JavaThread "Timer-16"                          [_thread_blocked, id=53260, stack(0x000000a27b700000,0x000000a27b800000) (1024K)]
  0x0000022c7b40b020 JavaThread "Timer-17"                          [_thread_blocked, id=13476, stack(0x000000a27b800000,0x000000a27b900000) (1024K)]
  0x0000022c7b40c3d0 JavaThread "Timer-18"                          [_thread_blocked, id=51328, stack(0x000000a27c600000,0x000000a27c700000) (1024K)]
  0x0000022c7b40ca60 JavaThread "Timer-19"                          [_thread_blocked, id=60568, stack(0x000000a27cd00000,0x000000a27ce00000) (1024K)]
  0x0000022c7b40d0f0 JavaThread "Timer-20"                          [_thread_blocked, id=58564, stack(0x000000a276300000,0x000000a276400000) (1024K)]
  0x0000022c7b40d780 JavaThread "Timer-21"                          [_thread_blocked, id=22272, stack(0x000000a276500000,0x000000a276600000) (1024K)]
  0x0000022c7b40de10 JavaThread "Timer-22"                          [_thread_blocked, id=46304, stack(0x000000a27ce00000,0x000000a27cf00000) (1024K)]
  0x0000022c7c31dd50 JavaThread "Timer-23"                          [_thread_blocked, id=46180, stack(0x000000a27cf00000,0x000000a27d000000) (1024K)]
  0x0000022c7c31c9a0 JavaThread "Timer-24"                          [_thread_blocked, id=37920, stack(0x000000a27d300000,0x000000a27d400000) (1024K)]
  0x0000022c7c31d6c0 JavaThread "Timer-25"                          [_thread_blocked, id=46520, stack(0x000000a27d200000,0x000000a27d300000) (1024K)]
  0x0000022c7c31e3e0 JavaThread "Timer-26"                          [_thread_blocked, id=11228, stack(0x000000a27d600000,0x000000a27d700000) (1024K)]
  0x0000022c7c31ea70 JavaThread "Timer-27"                          [_thread_blocked, id=21896, stack(0x000000a27da00000,0x000000a27db00000) (1024K)]
  0x0000022c7c31d030 JavaThread "Timer-28"                          [_thread_blocked, id=33396, stack(0x000000a27db00000,0x000000a27dc00000) (1024K)]
  0x0000022c7c31b5f0 JavaThread "Timer-29"                          [_thread_blocked, id=39664, stack(0x000000a27dd00000,0x000000a27de00000) (1024K)]
  0x0000022c7c31f100 JavaThread "Timer-30"                          [_thread_blocked, id=38500, stack(0x000000a27d100000,0x000000a27d200000) (1024K)]
  0x0000022c7c31bc80 JavaThread "Timer-31"                          [_thread_blocked, id=33672, stack(0x000000a27d900000,0x000000a27da00000) (1024K)]
Total: 90

Other Threads:
  0x0000022c556b1910 VMThread "VM Thread"                           [id=6068, stack(0x000000a275a00000,0x000000a275b00000) (1024K)]
  0x0000022c556800a0 WatcherThread "VM Periodic Task Thread"        [id=4608, stack(0x000000a275900000,0x000000a275a00000) (1024K)]
  0x0000022c5562ff30 WorkerThread "GC Thread#0"                     [id=47700, stack(0x000000a275800000,0x000000a275900000) (1024K)]
  0x0000022c757a0390 WorkerThread "GC Thread#1"                     [id=54800, stack(0x000000a276c00000,0x000000a276d00000) (1024K)]
  0x0000022c7579ffe0 WorkerThread "GC Thread#2"                     [id=49584, stack(0x000000a276d00000,0x000000a276e00000) (1024K)]
  0x0000022c7579f4d0 WorkerThread "GC Thread#3"                     [id=54508, stack(0x000000a276e00000,0x000000a276f00000) (1024K)]
  0x0000022c757a0740 WorkerThread "GC Thread#4"                     [id=2516, stack(0x000000a276f00000,0x000000a277000000) (1024K)]
  0x0000022c757a0ea0 WorkerThread "GC Thread#5"                     [id=44816, stack(0x000000a277000000,0x000000a277100000) (1024K)]
  0x0000022c7579f880 WorkerThread "GC Thread#6"                     [id=40400, stack(0x000000a277100000,0x000000a277200000) (1024K)]
  0x0000022c75af29e0 WorkerThread "GC Thread#7"                     [id=11124, stack(0x000000a277400000,0x000000a277500000) (1024K)]
  0x0000022c75af2d90 WorkerThread "GC Thread#8"                     [id=39780, stack(0x000000a277800000,0x000000a277900000) (1024K)]
  0x0000022c75af2630 WorkerThread "GC Thread#9"                     [id=42252, stack(0x000000a277900000,0x000000a277a00000) (1024K)]
  0x0000022c75af0500 WorkerThread "GC Thread#10"                    [id=50096, stack(0x000000a277a00000,0x000000a277b00000) (1024K)]
  0x0000022c75af1b20 WorkerThread "GC Thread#11"                    [id=29872, stack(0x000000a277c00000,0x000000a277d00000) (1024K)]
  0x0000022c75af0c60 WorkerThread "GC Thread#12"                    [id=32236, stack(0x000000a277d00000,0x000000a277e00000) (1024K)]
  0x0000022c75aef9f0 WorkerThread "GC Thread#13"                    [id=32752, stack(0x000000a277e00000,0x000000a277f00000) (1024K)]
  0x0000022c75af3140 WorkerThread "GC Thread#14"                    [id=21172, stack(0x000000a278300000,0x000000a278400000) (1024K)]
  0x0000022c75af34f0 WorkerThread "GC Thread#15"                    [id=37148, stack(0x000000a278400000,0x000000a278500000) (1024K)]
  0x0000022c75aefda0 WorkerThread "GC Thread#16"                    [id=8344, stack(0x000000a278600000,0x000000a278700000) (1024K)]
  0x0000022c75af0150 WorkerThread "GC Thread#17"                    [id=33556, stack(0x000000a278700000,0x000000a278800000) (1024K)]
  0x0000022c75af13c0 WorkerThread "GC Thread#18"                    [id=23944, stack(0x000000a278800000,0x000000a278900000) (1024K)]
  0x0000022c75af2280 WorkerThread "GC Thread#19"                    [id=6772, stack(0x000000a278d00000,0x000000a278e00000) (1024K)]
  0x0000022c7643b550 WorkerThread "GC Thread#20"                    [id=6708, stack(0x000000a278e00000,0x000000a278f00000) (1024K)]
  0x0000022c76439070 WorkerThread "GC Thread#21"                    [id=61504, stack(0x000000a278f00000,0x000000a279000000) (1024K)]
  0x0000022c7643bcb0 WorkerThread "GC Thread#22"                    [id=59776, stack(0x000000a279300000,0x000000a279400000) (1024K)]
Total: 25

Threads with active compile tasks:
Total: 0

VM state: not at safepoint (normal execution)

VM Mutex/Monitor currently owned by a thread: None

Heap address: 0x0000000080000000, size: 2048 MB, Compressed Oops mode: 32-bit

CDS archive(s) mapped at: [0x0000022c00000000-0x0000022c00ba0000-0x0000022c00ba0000), size 12189696, SharedBaseAddress: 0x0000022c00000000, ArchiveRelocationMode: 1.
Compressed class space mapped at: 0x0000022c01000000-0x0000022c41000000, reserved size: 1073741824
Narrow klass base: 0x0000022c00000000, Narrow klass shift: 0, Narrow klass range: 0x100000000

GC Precious Log:
 CardTable entry size: 512
 CPUs: 32 total, 32 available
 Memory: 48242M
 Large Page Support: Disabled
 NUMA Support: Disabled
 Compressed Oops: Enabled (32-bit)
 Alignments: Space 512K, Generation 512K, Heap 2M
 Heap Min Capacity: 100M
 Heap Initial Capacity: 100M
 Heap Max Capacity: 2G
 Pre-touch: Disabled
 Parallel Workers: 23

Heap:
 PSYoungGen      total 10752K, used 3727K [0x00000000d5580000, 0x00000000d6100000, 0x0000000100000000)
  eden space 9728K, 30% used [0x00000000d5580000,0x00000000d586be50,0x00000000d5f00000)
  from space 1024K, 71% used [0x00000000d5f00000,0x00000000d5fb8000,0x00000000d6000000)
  to   space 1024K, 0% used [0x00000000d6000000,0x00000000d6000000,0x00000000d6100000)
 ParOldGen       total 98304K, used 98117K [0x0000000080000000, 0x0000000086000000, 0x00000000d5580000)
  object space 98304K, 99% used [0x0000000080000000,0x0000000085fd1598,0x0000000086000000)
 Metaspace       used 83779K, committed 85504K, reserved 1179648K
  class space    used 10494K, committed 11264K, reserved 1048576K

Card table byte_map: [0x0000022c54fb0000,0x0000022c553c0000] _byte_map_base: 0x0000022c54bb0000

Marking Bits: (ParMarkBitMap*) 0x00007ff833613450
 Begin Bits: [0x0000022c67ac0000, 0x0000022c69ac0000)
 End Bits:   [0x0000022c69ac0000, 0x0000022c6bac0000)

Polling page: 0x0000022c53460000

Metaspace:

Usage:
  Non-class:     71.57 MB used.
      Class:     10.25 MB used.
       Both:     81.82 MB used.

Virtual space:
  Non-class space:      128.00 MB reserved,      72.50 MB ( 57%) committed,  2 nodes.
      Class space:        1.00 GB reserved,      11.00 MB (  1%) committed,  1 nodes.
             Both:        1.12 GB reserved,      83.50 MB (  7%) committed. 

Chunk freelists:
   Non-Class:  7.44 MB
       Class:  4.94 MB
        Both:  12.38 MB

MaxMetaspaceSize: unlimited
CompressedClassSpaceSize: 1.00 GB
Initial GC threshold: 21.00 MB
Current GC threshold: 97.31 MB
CDS: on
 - commit_granule_bytes: 65536.
 - commit_granule_words: 8192.
 - virtual_space_node_default_size: 8388608.
 - enlarge_chunks_in_place: 1.
 - use_allocation_guard: 0.


Internal statistics:

num_allocs_failed_limit: 9.
num_arena_births: 1556.
num_arena_deaths: 18.
num_vsnodes_births: 3.
num_vsnodes_deaths: 0.
num_space_committed: 1336.
num_space_uncommitted: 0.
num_chunks_returned_to_freelist: 29.
num_chunks_taken_from_freelist: 5458.
num_chunk_merges: 11.
num_chunk_splits: 3308.
num_chunks_enlarged: 1811.
num_inconsistent_stats: 0.

CodeHeap 'non-profiled nmethods': size=118848Kb used=11365Kb max_used=11365Kb free=107482Kb
 bounds [0x0000022c60400000, 0x0000022c60f20000, 0x0000022c67810000]
CodeHeap 'profiled nmethods': size=118848Kb used=26516Kb max_used=26516Kb free=92331Kb
 bounds [0x0000022c58810000, 0x0000022c5a200000, 0x0000022c5fc20000]
CodeHeap 'non-nmethods': size=8064Kb used=1459Kb max_used=3817Kb free=6604Kb
 bounds [0x0000022c5fc20000, 0x0000022c5ffe0000, 0x0000022c60400000]
CodeCache: size=245760Kb, used=39340Kb, max_used=41698Kb, free=206417Kb
 total_blobs=13530, nmethods=12769, adapters=667, full_count=0
Compilation: enabled, stopped_count=0, restarted_count=0

Compilation events (20 events):
Event: 330033.188 Thread 0x0000022c556cae20 nmethod 13604 0x0000022c5a1ea410 code [0x0000022c5a1ea720, 0x0000022c5a1eb780]
Event: 330033.188 Thread 0x0000022c556cae20 13610       3       java.util.concurrent.ForkJoinTask::fork (57 bytes)
Event: 330033.188 Thread 0x0000022c556cae20 nmethod 13610 0x0000022c5a1ebd90 code [0x0000022c5a1ebf60, 0x0000022c5a1ec388]
Event: 330033.188 Thread 0x0000022c556cae20 13611       3       java.io.ObjectOutputStream::writeByte (9 bytes)
Event: 330033.188 Thread 0x0000022c556cae20 nmethod 13611 0x0000022c5a1ec510 code [0x0000022c5a1ec6c0, 0x0000022c5a1ec800]
Event: 330033.188 Thread 0x0000022c556cae20 13613       3       java.io.ObjectOutputStream$BlockDataOutputStream::write (152 bytes)
Event: 330033.189 Thread 0x0000022c556cae20 nmethod 13613 0x0000022c5a1ec910 code [0x0000022c5a1ecb40, 0x0000022c5a1ed320]
Event: 330033.189 Thread 0x0000022c556cae20 13615       1       org.eclipse.core.internal.dtree.AbstractDataTreeNode::isEmptyDelta (2 bytes)
Event: 330033.189 Thread 0x0000022c556cae20 nmethod 13615 0x0000022c60f19190 code [0x0000022c60f19320, 0x0000022c60f193e8]
Event: 330033.189 Thread 0x0000022c556cae20 13614   !   3       java.io.ObjectStreamClass::invokeWriteObject (79 bytes)
Event: 330033.190 Thread 0x0000022c556cae20 nmethod 13614 0x0000022c5a1ed590 code [0x0000022c5a1ed860, 0x0000022c5a1ee770]
Event: 330033.190 Thread 0x0000022c7d4afd00 nmethod 13612 0x0000022c5a1eed90 code [0x0000022c5a1ef180, 0x0000022c5a1f0ee0]
Event: 330033.190 Thread 0x0000022c556cae20 13616       3       org.eclipse.core.internal.resources.LocalMetaArea::getMarkersLocationFor (47 bytes)
Event: 330033.190 Thread 0x0000022c7d4afd00 13617       3       org.eclipse.core.internal.resources.LocalMetaArea::getSyncInfoLocationFor (47 bytes)
Event: 330033.191 Thread 0x0000022c556cae20 nmethod 13616 0x0000022c5a1f1a10 code [0x0000022c5a1f1c80, 0x0000022c5a1f2490]
Event: 330033.191 Thread 0x0000022c7d4afd00 nmethod 13617 0x0000022c5a1f2790 code [0x0000022c5a1f2a00, 0x0000022c5a1f3210]
Event: 330033.201 Thread 0x0000022c7d4afd00 13618   !   3       org.eclipse.core.internal.watson.ElementTreeIterator::<init> (51 bytes)
Event: 330033.201 Thread 0x0000022c556cae20 13619       3       org.eclipse.core.internal.watson.ElementTreeIterator::iterate (131 bytes)
Event: 330033.201 Thread 0x0000022c7d4afd00 nmethod 13618 0x0000022c5a1f3510 code [0x0000022c5a1f3720, 0x0000022c5a1f3ed8]
Event: 330033.201 Thread 0x0000022c556cae20 nmethod 13619 0x0000022c5a1f4210 code [0x0000022c5a1f4460, 0x0000022c5a1f4ea0]

GC Heap History (20 events):
Event: 78471.932 GC heap before
{Heap before GC invocations=249 (full 3):
 PSYoungGen      total 10752K, used 10464K [0x00000000d5580000, 0x00000000d6100000, 0x0000000100000000)
  eden space 9728K, 100% used [0x00000000d5580000,0x00000000d5f00000,0x00000000d5f00000)
  from space 1024K, 71% used [0x00000000d5f00000,0x00000000d5fb8000,0x00000000d6000000)
  to   space 1024K, 0% used [0x00000000d6000000,0x00000000d6000000,0x00000000d6100000)
 ParOldGen       total 96768K, used 96709K [0x0000000080000000, 0x0000000085e80000, 0x00000000d5580000)
  object space 96768K, 99% used [0x0000000080000000,0x0000000085e71598,0x0000000085e80000)
 Metaspace       used 82978K, committed 84736K, reserved 1179648K
  class space    used 10431K, committed 11200K, reserved 1048576K
}
Event: 78471.933 GC heap after
{Heap after GC invocations=249 (full 3):
 PSYoungGen      total 10752K, used 704K [0x00000000d5580000, 0x00000000d6100000, 0x0000000100000000)
  eden space 9728K, 0% used [0x00000000d5580000,0x00000000d5580000,0x00000000d5f00000)
  from space 1024K, 68% used [0x00000000d6000000,0x00000000d60b0000,0x00000000d6100000)
  to   space 1024K, 0% used [0x00000000d5f00000,0x00000000d5f00000,0x00000000d6000000)
 ParOldGen       total 97280K, used 96845K [0x0000000080000000, 0x0000000085f00000, 0x00000000d5580000)
  object space 97280K, 99% used [0x0000000080000000,0x0000000085e93598,0x0000000085f00000)
 Metaspace       used 82978K, committed 84736K, reserved 1179648K
  class space    used 10431K, committed 11200K, reserved 1048576K
}
Event: 78497.574 GC heap before
{Heap before GC invocations=250 (full 3):
 PSYoungGen      total 10752K, used 10432K [0x00000000d5580000, 0x00000000d6100000, 0x0000000100000000)
  eden space 9728K, 100% used [0x00000000d5580000,0x00000000d5f00000,0x00000000d5f00000)
  from space 1024K, 68% used [0x00000000d6000000,0x00000000d60b0000,0x00000000d6100000)
  to   space 1024K, 0% used [0x00000000d5f00000,0x00000000d5f00000,0x00000000d6000000)
 ParOldGen       total 97280K, used 96845K [0x0000000080000000, 0x0000000085f00000, 0x00000000d5580000)
  object space 97280K, 99% used [0x0000000080000000,0x0000000085e93598,0x0000000085f00000)
 Metaspace       used 82993K, committed 84736K, reserved 1179648K
  class space    used 10431K, committed 11200K, reserved 1048576K
}
Event: 78497.575 GC heap after
{Heap after GC invocations=250 (full 3):
 PSYoungGen      total 10752K, used 704K [0x00000000d5580000, 0x00000000d6100000, 0x0000000100000000)
  eden space 9728K, 0% used [0x00000000d5580000,0x00000000d5580000,0x00000000d5f00000)
  from space 1024K, 68% used [0x00000000d5f00000,0x00000000d5fb0000,0x00000000d6000000)
  to   space 1024K, 0% used [0x00000000d6000000,0x00000000d6000000,0x00000000d6100000)
 ParOldGen       total 97280K, used 97205K [0x0000000080000000, 0x0000000085f00000, 0x00000000d5580000)
  object space 97280K, 99% used [0x0000000080000000,0x0000000085eed598,0x0000000085f00000)
 Metaspace       used 82993K, committed 84736K, reserved 1179648K
  class space    used 10431K, committed 11200K, reserved 1048576K
}
Event: 78519.466 GC heap before
{Heap before GC invocations=251 (full 3):
 PSYoungGen      total 10752K, used 10432K [0x00000000d5580000, 0x00000000d6100000, 0x0000000100000000)
  eden space 9728K, 100% used [0x00000000d5580000,0x00000000d5f00000,0x00000000d5f00000)
  from space 1024K, 68% used [0x00000000d5f00000,0x00000000d5fb0000,0x00000000d6000000)
  to   space 1024K, 0% used [0x00000000d6000000,0x00000000d6000000,0x00000000d6100000)
 ParOldGen       total 97280K, used 97205K [0x0000000080000000, 0x0000000085f00000, 0x00000000d5580000)
  object space 97280K, 99% used [0x0000000080000000,0x0000000085eed598,0x0000000085f00000)
 Metaspace       used 83027K, committed 84736K, reserved 1179648K
  class space    used 10431K, committed 11200K, reserved 1048576K
}
Event: 78519.466 GC heap after
{Heap after GC invocations=251 (full 3):
 PSYoungGen      total 10752K, used 608K [0x00000000d5580000, 0x00000000d6100000, 0x0000000100000000)
  eden space 9728K, 0% used [0x00000000d5580000,0x00000000d5580000,0x00000000d5f00000)
  from space 1024K, 59% used [0x00000000d6000000,0x00000000d6098000,0x00000000d6100000)
  to   space 1024K, 0% used [0x00000000d5f00000,0x00000000d5f00000,0x00000000d6000000)
 ParOldGen       total 97792K, used 97365K [0x0000000080000000, 0x0000000085f80000, 0x00000000d5580000)
  object space 97792K, 99% used [0x0000000080000000,0x0000000085f15598,0x0000000085f80000)
 Metaspace       used 83027K, committed 84736K, reserved 1179648K
  class space    used 10431K, committed 11200K, reserved 1048576K
}
Event: 78743.393 GC heap before
{Heap before GC invocations=252 (full 3):
 PSYoungGen      total 10752K, used 10336K [0x00000000d5580000, 0x00000000d6100000, 0x0000000100000000)
  eden space 9728K, 100% used [0x00000000d5580000,0x00000000d5f00000,0x00000000d5f00000)
  from space 1024K, 59% used [0x00000000d6000000,0x00000000d6098000,0x00000000d6100000)
  to   space 1024K, 0% used [0x00000000d5f00000,0x00000000d5f00000,0x00000000d6000000)
 ParOldGen       total 97792K, used 97365K [0x0000000080000000, 0x0000000085f80000, 0x00000000d5580000)
  object space 97792K, 99% used [0x0000000080000000,0x0000000085f15598,0x0000000085f80000)
 Metaspace       used 83044K, committed 84736K, reserved 1179648K
  class space    used 10431K, committed 11200K, reserved 1048576K
}
Event: 78743.393 GC heap after
{Heap after GC invocations=252 (full 3):
 PSYoungGen      total 10752K, used 576K [0x00000000d5580000, 0x00000000d6100000, 0x0000000100000000)
  eden space 9728K, 0% used [0x00000000d5580000,0x00000000d5580000,0x00000000d5f00000)
  from space 1024K, 56% used [0x00000000d5f00000,0x00000000d5f90000,0x00000000d6000000)
  to   space 1024K, 0% used [0x00000000d6000000,0x00000000d6000000,0x00000000d6100000)
 ParOldGen       total 97792K, used 97501K [0x0000000080000000, 0x0000000085f80000, 0x00000000d5580000)
  object space 97792K, 99% used [0x0000000080000000,0x0000000085f37598,0x0000000085f80000)
 Metaspace       used 83044K, committed 84736K, reserved 1179648K
  class space    used 10431K, committed 11200K, reserved 1048576K
}
Event: 108304.913 GC heap before
{Heap before GC invocations=253 (full 3):
 PSYoungGen      total 10752K, used 10304K [0x00000000d5580000, 0x00000000d6100000, 0x0000000100000000)
  eden space 9728K, 100% used [0x00000000d5580000,0x00000000d5f00000,0x00000000d5f00000)
  from space 1024K, 56% used [0x00000000d5f00000,0x00000000d5f90000,0x00000000d6000000)
  to   space 1024K, 0% used [0x00000000d6000000,0x00000000d6000000,0x00000000d6100000)
 ParOldGen       total 97792K, used 97501K [0x0000000080000000, 0x0000000085f80000, 0x00000000d5580000)
  object space 97792K, 99% used [0x0000000080000000,0x0000000085f37598,0x0000000085f80000)
 Metaspace       used 83063K, committed 84736K, reserved 1179648K
  class space    used 10431K, committed 11200K, reserved 1048576K
}
Event: 108304.917 GC heap after
{Heap after GC invocations=253 (full 3):
 PSYoungGen      total 10752K, used 640K [0x00000000d5580000, 0x00000000d6100000, 0x0000000100000000)
  eden space 9728K, 0% used [0x00000000d5580000,0x00000000d5580000,0x00000000d5f00000)
  from space 1024K, 62% used [0x00000000d6000000,0x00000000d60a0000,0x00000000d6100000)
  to   space 1024K, 0% used [0x00000000d5f00000,0x00000000d5f00000,0x00000000d6000000)
 ParOldGen       total 97792K, used 97597K [0x0000000080000000, 0x0000000085f80000, 0x00000000d5580000)
  object space 97792K, 99% used [0x0000000080000000,0x0000000085f4f598,0x0000000085f80000)
 Metaspace       used 83063K, committed 84736K, reserved 1179648K
  class space    used 10431K, committed 11200K, reserved 1048576K
}
Event: 159776.946 GC heap before
{Heap before GC invocations=254 (full 3):
 PSYoungGen      total 10752K, used 10346K [0x00000000d5580000, 0x00000000d6100000, 0x0000000100000000)
  eden space 9728K, 99% used [0x00000000d5580000,0x00000000d5efab38,0x00000000d5f00000)
  from space 1024K, 62% used [0x00000000d6000000,0x00000000d60a0000,0x00000000d6100000)
  to   space 1024K, 0% used [0x00000000d5f00000,0x00000000d5f00000,0x00000000d6000000)
 ParOldGen       total 97792K, used 97597K [0x0000000080000000, 0x0000000085f80000, 0x00000000d5580000)
  object space 97792K, 99% used [0x0000000080000000,0x0000000085f4f598,0x0000000085f80000)
 Metaspace       used 83196K, committed 84864K, reserved 1179648K
  class space    used 10447K, committed 11200K, reserved 1048576K
}
Event: 159776.950 GC heap after
{Heap after GC invocations=254 (full 3):
 PSYoungGen      total 10752K, used 768K [0x00000000d5580000, 0x00000000d6100000, 0x0000000100000000)
  eden space 9728K, 0% used [0x00000000d5580000,0x00000000d5580000,0x00000000d5f00000)
  from space 1024K, 75% used [0x00000000d5f00000,0x00000000d5fc0020,0x00000000d6000000)
  to   space 1024K, 0% used [0x00000000d6000000,0x00000000d6000000,0x00000000d6100000)
 ParOldGen       total 97792K, used 97749K [0x0000000080000000, 0x0000000085f80000, 0x00000000d5580000)
  object space 97792K, 99% used [0x0000000080000000,0x0000000085f75598,0x0000000085f80000)
 Metaspace       used 83196K, committed 84864K, reserved 1179648K
  class space    used 10447K, committed 11200K, reserved 1048576K
}
Event: 210966.105 GC heap before
{Heap before GC invocations=255 (full 3):
 PSYoungGen      total 10752K, used 10496K [0x00000000d5580000, 0x00000000d6100000, 0x0000000100000000)
  eden space 9728K, 100% used [0x00000000d5580000,0x00000000d5f00000,0x00000000d5f00000)
  from space 1024K, 75% used [0x00000000d5f00000,0x00000000d5fc0020,0x00000000d6000000)
  to   space 1024K, 0% used [0x00000000d6000000,0x00000000d6000000,0x00000000d6100000)
 ParOldGen       total 97792K, used 97749K [0x0000000080000000, 0x0000000085f80000, 0x00000000d5580000)
  object space 97792K, 99% used [0x0000000080000000,0x0000000085f75598,0x0000000085f80000)
 Metaspace       used 83545K, committed 85248K, reserved 1179648K
  class space    used 10477K, committed 11264K, reserved 1048576K
}
Event: 210966.110 GC heap after
{Heap after GC invocations=255 (full 3):
 PSYoungGen      total 10752K, used 704K [0x00000000d5580000, 0x00000000d6100000, 0x0000000100000000)
  eden space 9728K, 0% used [0x00000000d5580000,0x00000000d5580000,0x00000000d5f00000)
  from space 1024K, 68% used [0x00000000d6000000,0x00000000d60b0000,0x00000000d6100000)
  to   space 1024K, 0% used [0x00000000d5f00000,0x00000000d5f00000,0x00000000d6000000)
 ParOldGen       total 98304K, used 97925K [0x0000000080000000, 0x0000000086000000, 0x00000000d5580000)
  object space 98304K, 99% used [0x0000000080000000,0x0000000085fa1598,0x0000000086000000)
 Metaspace       used 83545K, committed 85248K, reserved 1179648K
  class space    used 10477K, committed 11264K, reserved 1048576K
}
Event: 275706.956 GC heap before
{Heap before GC invocations=256 (full 3):
 PSYoungGen      total 10752K, used 10432K [0x00000000d5580000, 0x00000000d6100000, 0x0000000100000000)
  eden space 9728K, 100% used [0x00000000d5580000,0x00000000d5f00000,0x00000000d5f00000)
  from space 1024K, 68% used [0x00000000d6000000,0x00000000d60b0000,0x00000000d6100000)
  to   space 1024K, 0% used [0x00000000d5f00000,0x00000000d5f00000,0x00000000d6000000)
 ParOldGen       total 98304K, used 97925K [0x0000000080000000, 0x0000000086000000, 0x00000000d5580000)
  object space 98304K, 99% used [0x0000000080000000,0x0000000085fa1598,0x0000000086000000)
 Metaspace       used 83554K, committed 85248K, reserved 1179648K
  class space    used 10477K, committed 11264K, reserved 1048576K
}
Event: 275706.959 GC heap after
{Heap after GC invocations=256 (full 3):
 PSYoungGen      total 10752K, used 544K [0x00000000d5580000, 0x00000000d6100000, 0x0000000100000000)
  eden space 9728K, 0% used [0x00000000d5580000,0x00000000d5580000,0x00000000d5f00000)
  from space 1024K, 53% used [0x00000000d5f00000,0x00000000d5f88000,0x00000000d6000000)
  to   space 1024K, 0% used [0x00000000d6000000,0x00000000d6000000,0x00000000d6100000)
 ParOldGen       total 98304K, used 98053K [0x0000000080000000, 0x0000000086000000, 0x00000000d5580000)
  object space 98304K, 99% used [0x0000000080000000,0x0000000085fc1598,0x0000000086000000)
 Metaspace       used 83554K, committed 85248K, reserved 1179648K
  class space    used 10477K, committed 11264K, reserved 1048576K
}
Event: 329733.185 GC heap before
{Heap before GC invocations=257 (full 3):
 PSYoungGen      total 10752K, used 10272K [0x00000000d5580000, 0x00000000d6100000, 0x0000000100000000)
  eden space 9728K, 100% used [0x00000000d5580000,0x00000000d5f00000,0x00000000d5f00000)
  from space 1024K, 53% used [0x00000000d5f00000,0x00000000d5f88000,0x00000000d6000000)
  to   space 1024K, 0% used [0x00000000d6000000,0x00000000d6000000,0x00000000d6100000)
 ParOldGen       total 98304K, used 98053K [0x0000000080000000, 0x0000000086000000, 0x00000000d5580000)
  object space 98304K, 99% used [0x0000000080000000,0x0000000085fc1598,0x0000000086000000)
 Metaspace       used 83555K, committed 85248K, reserved 1179648K
  class space    used 10477K, committed 11264K, reserved 1048576K
}
Event: 329733.190 GC heap after
{Heap after GC invocations=257 (full 3):
 PSYoungGen      total 10752K, used 672K [0x00000000d5580000, 0x00000000d6100000, 0x0000000100000000)
  eden space 9728K, 0% used [0x00000000d5580000,0x00000000d5580000,0x00000000d5f00000)
  from space 1024K, 65% used [0x00000000d6000000,0x00000000d60a8000,0x00000000d6100000)
  to   space 1024K, 0% used [0x00000000d5f00000,0x00000000d5f00000,0x00000000d6000000)
 ParOldGen       total 98304K, used 98053K [0x0000000080000000, 0x0000000086000000, 0x00000000d5580000)
  object space 98304K, 99% used [0x0000000080000000,0x0000000085fc1598,0x0000000086000000)
 Metaspace       used 83555K, committed 85248K, reserved 1179648K
  class space    used 10477K, committed 11264K, reserved 1048576K
}
Event: 329862.660 GC heap before
{Heap before GC invocations=258 (full 3):
 PSYoungGen      total 10752K, used 10400K [0x00000000d5580000, 0x00000000d6100000, 0x0000000100000000)
  eden space 9728K, 100% used [0x00000000d5580000,0x00000000d5f00000,0x00000000d5f00000)
  from space 1024K, 65% used [0x00000000d6000000,0x00000000d60a8000,0x00000000d6100000)
  to   space 1024K, 0% used [0x00000000d5f00000,0x00000000d5f00000,0x00000000d6000000)
 ParOldGen       total 98304K, used 98053K [0x0000000080000000, 0x0000000086000000, 0x00000000d5580000)
  object space 98304K, 99% used [0x0000000080000000,0x0000000085fc1598,0x0000000086000000)
 Metaspace       used 83739K, committed 85504K, reserved 1179648K
  class space    used 10494K, committed 11264K, reserved 1048576K
}
Event: 329862.661 GC heap after
{Heap after GC invocations=258 (full 3):
 PSYoungGen      total 10752K, used 736K [0x00000000d5580000, 0x00000000d6100000, 0x0000000100000000)
  eden space 9728K, 0% used [0x00000000d5580000,0x00000000d5580000,0x00000000d5f00000)
  from space 1024K, 71% used [0x00000000d5f00000,0x00000000d5fb8000,0x00000000d6000000)
  to   space 1024K, 0% used [0x00000000d6000000,0x00000000d6000000,0x00000000d6100000)
 ParOldGen       total 98304K, used 98117K [0x0000000080000000, 0x0000000086000000, 0x00000000d5580000)
  object space 98304K, 99% used [0x0000000080000000,0x0000000085fd1598,0x0000000086000000)
 Metaspace       used 83739K, committed 85504K, reserved 1179648K
  class space    used 10494K, committed 11264K, reserved 1048576K
}

Dll operation events (16 events):
Event: 0.006 Loaded shared library c:\Users\jialm\.vscode\extensions\redhat.java-1.54.0-win32-x64\jre\21.0.10-win32-x86_64\bin\java.dll
Event: 0.020 Loaded shared library c:\Users\jialm\.vscode\extensions\redhat.java-1.54.0-win32-x64\jre\21.0.10-win32-x86_64\bin\zip.dll
Event: 0.054 Loaded shared library C:\Users\jialm\.vscode\extensions\redhat.java-1.54.0-win32-x64\jre\21.0.10-win32-x86_64\bin\instrument.dll
Event: 0.057 Loaded shared library C:\Users\jialm\.vscode\extensions\redhat.java-1.54.0-win32-x64\jre\21.0.10-win32-x86_64\bin\net.dll
Event: 0.058 Loaded shared library C:\Users\jialm\.vscode\extensions\redhat.java-1.54.0-win32-x64\jre\21.0.10-win32-x86_64\bin\nio.dll
Event: 0.059 Loaded shared library C:\Users\jialm\.vscode\extensions\redhat.java-1.54.0-win32-x64\jre\21.0.10-win32-x86_64\bin\zip.dll
Event: 0.068 Loaded shared library C:\Users\jialm\.vscode\extensions\redhat.java-1.54.0-win32-x64\jre\21.0.10-win32-x86_64\bin\jimage.dll
Event: 0.103 Loaded shared library c:\Users\jialm\.vscode\extensions\redhat.java-1.54.0-win32-x64\jre\21.0.10-win32-x86_64\bin\verify.dll
Event: 0.790 Loaded shared library C:\Users\jialm\AppData\Roaming\Code\User\globalStorage\redhat.java\1.54.0\config_win\org.eclipse.equinox.launcher\org.eclipse.equinox.launcher.win32.win32.x86_64_1.3.0.v20260203-2149\eclipse_11919.dll
Event: 3.422 Loaded shared library C:\Users\jialm\AppData\Local\Temp\jna-101117955\jna486828030837651391.dll
Event: 4.219 Loaded shared library C:\Users\jialm\.vscode\extensions\redhat.java-1.54.0-win32-x64\jre\21.0.10-win32-x86_64\bin\sunmscapi.dll
Event: 4.647 Loaded shared library C:\Users\jialm\.vscode\extensions\redhat.java-1.54.0-win32-x64\jre\21.0.10-win32-x86_64\bin\extnet.dll
Event: 5.026 Loaded shared library C:\Users\jialm\.gradle\native\660c5614fbf4a5f2a75b1949f50a0caf5cd603558e7d8a26e50b933a0cfb79d1\windows-amd64\native-platform.dll
Event: 5.926 Loaded shared library C:\Users\jialm\.vscode\extensions\redhat.java-1.54.0-win32-x64\jre\21.0.10-win32-x86_64\bin\management.dll
Event: 5.929 Loaded shared library C:\Users\jialm\.vscode\extensions\redhat.java-1.54.0-win32-x64\jre\21.0.10-win32-x86_64\bin\management_ext.dll
Event: 33.931 Loaded shared library C:\Users\jialm\.gradle\native\c067742578af261105cb4f569cf0c3c89f3d7b1fecec35dd04571415982c5e48\windows-amd64\native-platform.dll

Deoptimization events (20 events):
Event: 78464.376 Thread 0x0000022c7b40a300 DEOPT PACKING pc=0x0000022c60827dd8 sp=0x000000a2755fe890
Event: 78464.376 Thread 0x0000022c7b40a300 DEOPT UNPACKING pc=0x0000022c5fc76da2 sp=0x000000a2755fe820 mode 2
Event: 78464.387 Thread 0x0000022c7b4095e0 Uncommon trap: trap_request=0xffffffbe fr.pc=0x0000022c60eae8ac relative=0x000000000000028c
Event: 78464.387 Thread 0x0000022c7b4095e0 Uncommon trap: reason=profile_predicate action=maybe_recompile pc=0x0000022c60eae8ac method=sun.security.provider.HashDrbg.addBytes([BI[[B)V @ 36 c2
Event: 78464.387 Thread 0x0000022c7b4095e0 DEOPT PACKING pc=0x0000022c60eae8ac sp=0x000000a2754fdca0
Event: 78464.388 Thread 0x0000022c7b4095e0 DEOPT UNPACKING pc=0x0000022c5fc76da2 sp=0x000000a2754fdbf0 mode 2
Event: 78464.388 Thread 0x0000022c7b4095e0 Uncommon trap: trap_request=0xffffffbe fr.pc=0x0000022c60eae8ac relative=0x000000000000028c
Event: 78464.388 Thread 0x0000022c7b4095e0 Uncommon trap: reason=profile_predicate action=maybe_recompile pc=0x0000022c60eae8ac method=sun.security.provider.HashDrbg.addBytes([BI[[B)V @ 36 c2
Event: 78464.388 Thread 0x0000022c7b4095e0 DEOPT PACKING pc=0x0000022c60eae8ac sp=0x000000a2754fe010
Event: 78464.388 Thread 0x0000022c7b4095e0 DEOPT UNPACKING pc=0x0000022c5fc76da2 sp=0x000000a2754fdf60 mode 2
Event: 78470.218 Thread 0x0000022c7ad1af50 DEOPT PACKING pc=0x0000022c59cbbebb sp=0x000000a27c7fe960
Event: 78470.218 Thread 0x0000022c7ad1af50 DEOPT UNPACKING pc=0x0000022c5fc778e2 sp=0x000000a27c7fde98 mode 0
Event: 78470.224 Thread 0x0000022c7b4095e0 Uncommon trap: trap_request=0xffffffbe fr.pc=0x0000022c60eae8ac relative=0x000000000000028c
Event: 78470.224 Thread 0x0000022c7b4095e0 Uncommon trap: reason=profile_predicate action=maybe_recompile pc=0x0000022c60eae8ac method=sun.security.provider.HashDrbg.addBytes([BI[[B)V @ 36 c2
Event: 78470.224 Thread 0x0000022c7b4095e0 DEOPT PACKING pc=0x0000022c60eae8ac sp=0x000000a2754fe290
Event: 78470.224 Thread 0x0000022c7b4095e0 DEOPT UNPACKING pc=0x0000022c5fc76da2 sp=0x000000a2754fe1e0 mode 2
Event: 78518.819 Thread 0x0000022c7b406e80 DEOPT PACKING pc=0x0000022c59a265ac sp=0x000000a2754fe3e0
Event: 78518.819 Thread 0x0000022c7b406e80 DEOPT UNPACKING pc=0x0000022c5fc778e2 sp=0x000000a2754fd928 mode 0
Event: 78743.392 Thread 0x0000022c7ad1af50 DEOPT PACKING pc=0x0000022c59cbbebb sp=0x000000a27c7fe740
Event: 78743.392 Thread 0x0000022c7ad1af50 DEOPT UNPACKING pc=0x0000022c5fc778e2 sp=0x000000a27c7fdc78 mode 0

Classes loaded (20 events):
Event: 34.717 Loading class java/util/Scanner
Event: 34.719 Loading class java/util/Scanner done
Event: 34.720 Loading class java/util/Scanner$PatternLRUCache
Event: 34.720 Loading class java/util/Scanner$PatternLRUCache done
Event: 35.459 Loading class java/util/regex/Matcher$ImmutableMatchResult
Event: 35.460 Loading class java/util/regex/Matcher$ImmutableMatchResult done
Event: 306.539 Loading class java/util/stream/Nodes$CollectorTask$OfRef
Event: 306.539 Loading class java/util/stream/Nodes$CollectorTask
Event: 306.540 Loading class java/util/stream/Nodes$CollectorTask done
Event: 306.540 Loading class java/util/stream/Nodes$CollectorTask$OfRef done
Event: 306.540 Loading class java/util/stream/Nodes$ConcNode
Event: 306.540 Loading class java/util/stream/Nodes$AbstractConcNode
Event: 306.540 Loading class java/util/stream/Nodes$AbstractConcNode done
Event: 306.540 Loading class java/util/stream/Nodes$ConcNode done
Event: 306.547 Loading class java/util/stream/Nodes$ToArrayTask$OfRef
Event: 306.547 Loading class java/util/stream/Nodes$ToArrayTask
Event: 306.547 Loading class java/util/stream/Nodes$ToArrayTask done
Event: 306.547 Loading class java/util/stream/Nodes$ToArrayTask$OfRef done
Event: 159466.425 Loading class jdk/internal/access/JavaAWTAccess
Event: 159466.427 Loading class jdk/internal/access/JavaAWTAccess done

Classes unloaded (9 events):
Event: 3.802 Thread 0x0000022c556b1910 Unloading class 0x0000022c011aa800 'java/lang/invoke/LambdaForm$MH+0x0000022c011aa800'
Event: 3.802 Thread 0x0000022c556b1910 Unloading class 0x0000022c011aa400 'java/lang/invoke/LambdaForm$MH+0x0000022c011aa400'
Event: 3.802 Thread 0x0000022c556b1910 Unloading class 0x0000022c011aa000 'java/lang/invoke/LambdaForm$MH+0x0000022c011aa000'
Event: 3.802 Thread 0x0000022c556b1910 Unloading class 0x0000022c011a9c00 'java/lang/invoke/LambdaForm$MH+0x0000022c011a9c00'
Event: 3.802 Thread 0x0000022c556b1910 Unloading class 0x0000022c011a9800 'java/lang/invoke/LambdaForm$BMH+0x0000022c011a9800'
Event: 3.802 Thread 0x0000022c556b1910 Unloading class 0x0000022c011a9400 'java/lang/invoke/LambdaForm$DMH+0x0000022c011a9400'
Event: 3.802 Thread 0x0000022c556b1910 Unloading class 0x0000022c011a8400 'java/lang/invoke/LambdaForm$DMH+0x0000022c011a8400'
Event: 6.275 Thread 0x0000022c556b1910 Unloading class 0x0000022c01714800 'java/lang/invoke/LambdaForm$DMH+0x0000022c01714800'
Event: 6.275 Thread 0x0000022c556b1910 Unloading class 0x0000022c01714400 'java/lang/invoke/LambdaForm$DMH+0x0000022c01714400'

Classes redefined (0 events):
No events

Internal exceptions (20 events):
Event: 330033.183 Thread 0x0000022c76dc86a0 Exception <a 'sun/nio/fs/WindowsException'{0x00000000d57611b0}> (0x00000000d57611b0) 
thrown [s\src\hotspot\share\prims\jni.cpp, line 520]
Event: 330033.183 Thread 0x0000022c76dc86a0 Exception <a 'sun/nio/fs/WindowsException'{0x00000000d5761af8}> (0x00000000d5761af8) 
thrown [s\src\hotspot\share\prims\jni.cpp, line 520]
Event: 330033.183 Thread 0x0000022c76dc86a0 Exception <a 'sun/nio/fs/WindowsException'{0x00000000d5763218}> (0x00000000d5763218) 
thrown [s\src\hotspot\share\prims\jni.cpp, line 520]
Event: 330033.183 Thread 0x0000022c76dc86a0 Exception <a 'sun/nio/fs/WindowsException'{0x00000000d5763b60}> (0x00000000d5763b60) 
thrown [s\src\hotspot\share\prims\jni.cpp, line 520]
Event: 330033.184 Thread 0x0000022c76dc86a0 Exception <a 'sun/nio/fs/WindowsException'{0x00000000d5765280}> (0x00000000d5765280) 
thrown [s\src\hotspot\share\prims\jni.cpp, line 520]
Event: 330033.184 Thread 0x0000022c76dc86a0 Exception <a 'sun/nio/fs/WindowsException'{0x00000000d5765e28}> (0x00000000d5765e28) 
thrown [s\src\hotspot\share\prims\jni.cpp, line 520]
Event: 330033.184 Thread 0x0000022c76dc86a0 Exception <a 'sun/nio/fs/WindowsException'{0x00000000d5767548}> (0x00000000d5767548) 
thrown [s\src\hotspot\share\prims\jni.cpp, line 520]
Event: 330033.184 Thread 0x0000022c76dc86a0 Exception <a 'sun/nio/fs/WindowsException'{0x00000000d5767e90}> (0x00000000d5767e90) 
thrown [s\src\hotspot\share\prims\jni.cpp, line 520]
Event: 330033.184 Thread 0x0000022c76dc86a0 Exception <a 'sun/nio/fs/WindowsException'{0x00000000d5769780}> (0x00000000d5769780) 
thrown [s\src\hotspot\share\prims\jni.cpp, line 520]
Event: 330033.184 Thread 0x0000022c76dc86a0 Exception <a 'sun/nio/fs/WindowsException'{0x00000000d576a0c8}> (0x00000000d576a0c8) 
thrown [s\src\hotspot\share\prims\jni.cpp, line 520]
Event: 330033.184 Thread 0x0000022c76dc86a0 Exception <a 'sun/nio/fs/WindowsException'{0x00000000d576b940}> (0x00000000d576b940) 
thrown [s\src\hotspot\share\prims\jni.cpp, line 520]
Event: 330033.184 Thread 0x0000022c76dc86a0 Exception <a 'sun/nio/fs/WindowsException'{0x00000000d576c288}> (0x00000000d576c288) 
thrown [s\src\hotspot\share\prims\jni.cpp, line 520]
Event: 330033.184 Thread 0x0000022c76dc86a0 Exception <a 'sun/nio/fs/WindowsException'{0x00000000d576d9a8}> (0x00000000d576d9a8) 
thrown [s\src\hotspot\share\prims\jni.cpp, line 520]
Event: 330033.184 Thread 0x0000022c76dc86a0 Exception <a 'sun/nio/fs/WindowsException'{0x00000000d576e2f0}> (0x00000000d576e2f0) 
thrown [s\src\hotspot\share\prims\jni.cpp, line 520]
Event: 330033.184 Thread 0x0000022c76dc86a0 Exception <a 'sun/nio/fs/WindowsException'{0x00000000d576fa10}> (0x00000000d576fa10) 
thrown [s\src\hotspot\share\prims\jni.cpp, line 520]
Event: 330033.184 Thread 0x0000022c76dc86a0 Exception <a 'sun/nio/fs/WindowsException'{0x00000000d5770358}> (0x00000000d5770358) 
thrown [s\src\hotspot\share\prims\jni.cpp, line 520]
Event: 330033.184 Thread 0x0000022c76dc86a0 Exception <a 'sun/nio/fs/WindowsException'{0x00000000d5771cc0}> (0x00000000d5771cc0) 
thrown [s\src\hotspot\share\prims\jni.cpp, line 520]
Event: 330033.184 Thread 0x0000022c76dc86a0 Exception <a 'sun/nio/fs/WindowsException'{0x00000000d5772608}> (0x00000000d5772608) 
thrown [s\src\hotspot\share\prims\jni.cpp, line 520]
Event: 330033.184 Thread 0x0000022c76dc86a0 Exception <a 'sun/nio/fs/WindowsException'{0x00000000d5773d28}> (0x00000000d5773d28) 
thrown [s\src\hotspot\share\prims\jni.cpp, line 520]
Event: 330033.184 Thread 0x0000022c76dc86a0 Exception <a 'sun/nio/fs/WindowsException'{0x00000000d5774670}> (0x00000000d5774670) 
thrown [s\src\hotspot\share\prims\jni.cpp, line 520]

ZGC Phase Switch (0 events):
No events

VM Operations (20 events):
Event: 329749.354 Executing safepoint VM operation: Cleanup
Event: 329749.354 Executing safepoint VM operation: Cleanup done
Event: 329757.963 Executing non-safepoint VM operation: HandshakeAllThreads (HandshakeForDeflation)
Event: 329757.963 Executing non-safepoint VM operation: HandshakeAllThreads (HandshakeForDeflation) done
Event: 329757.963 Executing non-safepoint VM operation: RendezvousGCThreads
Event: 329757.963 Executing non-safepoint VM operation: RendezvousGCThreads done
Event: 329862.660 Executing safepoint VM operation: ParallelGCFailedAllocation (Allocation Failure)
Event: 329862.661 Executing safepoint VM operation: ParallelGCFailedAllocation (Allocation Failure) done
Event: 329863.668 Executing safepoint VM operation: Cleanup
Event: 329863.668 Executing safepoint VM operation: Cleanup done
Event: 330033.297 Executing safepoint VM operation: Cleanup
Event: 330033.297 Executing safepoint VM operation: Cleanup done
Event: 330058.618 Executing non-safepoint VM operation: HandshakeAllThreads (HandshakeForDeflation)
Event: 330058.618 Executing non-safepoint VM operation: HandshakeAllThreads (HandshakeForDeflation) done
Event: 330058.618 Executing non-safepoint VM operation: RendezvousGCThreads
Event: 330058.618 Executing non-safepoint VM operation: RendezvousGCThreads done
Event: 330660.176 Executing non-safepoint VM operation: HandshakeAllThreads (HandshakeForDeflation)
Event: 330660.176 Executing non-safepoint VM operation: HandshakeAllThreads (HandshakeForDeflation) done
Event: 330660.176 Executing non-safepoint VM operation: RendezvousGCThreads
Event: 330660.176 Executing non-safepoint VM operation: RendezvousGCThreads done

Memory protections (0 events):
No events

Nmethod flushes (20 events):
Event: 6.287 Thread 0x0000022c556b1910 flushing  nmethod 0x0000022c591b5d90
Event: 6.287 Thread 0x0000022c556b1910 flushing  nmethod 0x0000022c591b6390
Event: 6.287 Thread 0x0000022c556b1910 flushing  nmethod 0x0000022c591b6c10
Event: 6.287 Thread 0x0000022c556b1910 flushing  nmethod 0x0000022c591b7b90
Event: 6.287 Thread 0x0000022c556b1910 flushing  nmethod 0x0000022c591b7f10
Event: 6.287 Thread 0x0000022c556b1910 flushing  nmethod 0x0000022c591b9990
Event: 6.287 Thread 0x0000022c556b1910 flushing  nmethod 0x0000022c5922e010
Event: 6.287 Thread 0x0000022c556b1910 flushing  nmethod 0x0000022c5922e990
Event: 6.287 Thread 0x0000022c556b1910 flushing  nmethod 0x0000022c5922fa10
Event: 6.287 Thread 0x0000022c556b1910 flushing  nmethod 0x0000022c59230f10
Event: 6.287 Thread 0x0000022c556b1910 flushing  nmethod 0x0000022c59232b90
Event: 6.287 Thread 0x0000022c556b1910 flushing  nmethod 0x0000022c59234610
Event: 6.287 Thread 0x0000022c556b1910 flushing  nmethod 0x0000022c59235390
Event: 6.287 Thread 0x0000022c556b1910 flushing  nmethod 0x0000022c59268b10
Event: 6.287 Thread 0x0000022c556b1910 flushing  nmethod 0x0000022c59269610
Event: 6.287 Thread 0x0000022c556b1910 flushing  nmethod 0x0000022c5926cf90
Event: 6.287 Thread 0x0000022c556b1910 flushing  nmethod 0x0000022c5926dd10
Event: 6.287 Thread 0x0000022c556b1910 flushing  nmethod 0x0000022c59280110
Event: 6.287 Thread 0x0000022c556b1910 flushing  nmethod 0x0000022c59283010
Event: 6.287 Thread 0x0000022c556b1910 flushing  nmethod 0x0000022c5929cf90

Events (20 events):
Event: 329741.351 Thread 0x0000022c7c3211d0 Thread exited: 0x0000022c7c3211d0
Event: 329748.726 Thread 0x0000022c7c320b40 Thread exited: 0x0000022c7c320b40
Event: 329862.657 Thread 0x0000022c7ad1af50 Thread added: 0x0000022c7c320b40
Event: 329862.950 Thread 0x0000022c7c320b40 Thread exited: 0x0000022c7c320b40
Event: 330033.181 Thread 0x0000022c76dc86a0 Thread added: 0x0000022c7c320b40
Event: 330033.181 Thread 0x0000022c7c320b40 Thread exited: 0x0000022c7c320b40
Event: 330033.185 Thread 0x0000022c76dc86a0 Thread added: 0x0000022c7c322580
Event: 330033.185 Thread 0x0000022c7c322580 Thread added: 0x0000022c7c31f790
Event: 330033.185 Thread 0x0000022c7c322580 Thread added: 0x0000022c7c320b40
Event: 330033.185 Thread 0x0000022c7c322580 Thread added: 0x0000022c7c3211d0
Event: 330033.185 Thread 0x0000022c7c31f790 Thread added: 0x0000022c7c321ef0
Event: 330033.185 Thread 0x0000022c556cae20 Thread added: 0x0000022c7d4afd00
Event: 330033.186 Thread 0x0000022c7c322580 Thread added: 0x0000022c7b4095e0
Event: 330033.186 Thread 0x0000022c7c322580 Thread exited: 0x0000022c7c322580
Event: 330033.186 Thread 0x0000022c7b4095e0 Thread exited: 0x0000022c7b4095e0
Event: 330033.186 Thread 0x0000022c7c31f790 Thread exited: 0x0000022c7c31f790
Event: 330033.186 Thread 0x0000022c7c320b40 Thread exited: 0x0000022c7c320b40
Event: 330033.186 Thread 0x0000022c7c321ef0 Thread exited: 0x0000022c7c321ef0
Event: 330033.186 Thread 0x0000022c7c3211d0 Thread exited: 0x0000022c7c3211d0
Event: 330038.204 Thread 0x0000022c7d4afd00 Thread exited: 0x0000022c7d4afd00


Dynamic libraries:
0x00007ff73ec50000 - 0x00007ff73ec5e000 	c:\Users\jialm\.vscode\extensions\redhat.java-1.54.0-win32-x64\jre\21.0.10-win32-x86_64\bin\java.exe
0x00007ff989180000 - 0x00007ff9893e7000 	C:\WINDOWS\SYSTEM32\ntdll.dll
0x00007ff987290000 - 0x00007ff987359000 	C:\WINDOWS\System32\KERNEL32.DLL
0x00007ff985dc0000 - 0x00007ff9861b7000 	C:\WINDOWS\System32\KERNELBASE.dll
0x00007ff985bb0000 - 0x00007ff985cfb000 	C:\WINDOWS\System32\ucrtbase.dll
0x00007ff96a8d0000 - 0x00007ff96a8e8000 	c:\Users\jialm\.vscode\extensions\redhat.java-1.54.0-win32-x64\jre\21.0.10-win32-x86_64\bin\jli.dll
0x00007ff95e3e0000 - 0x00007ff95e3fe000 	c:\Users\jialm\.vscode\extensions\redhat.java-1.54.0-win32-x64\jre\21.0.10-win32-x86_64\bin\VCRUNTIME140.dll
0x00007ff987eb0000 - 0x00007ff988076000 	C:\WINDOWS\System32\USER32.dll
0x00007ff962460000 - 0x00007ff9626f2000 	C:\WINDOWS\WinSxS\amd64_microsoft.windows.common-controls_6595b64144ccf1df_6.0.26100.8457_none_3e0b2faee331e92d\COMCTL32.dll
0x00007ff987d40000 - 0x00007ff987de9000 	C:\WINDOWS\System32\msvcrt.dll
0x00007ff986ed0000 - 0x00007ff986ef7000 	C:\WINDOWS\System32\win32u.dll
0x00007ff988370000 - 0x00007ff98839b000 	C:\WINDOWS\System32\GDI32.dll
0x00007ff986340000 - 0x00007ff98646c000 	C:\WINDOWS\System32\gdi32full.dll
0x00007ff986500000 - 0x00007ff9865a3000 	C:\WINDOWS\System32\msvcp_win.dll
0x00007ff986f00000 - 0x00007ff986f32000 	C:\WINDOWS\System32\IMM32.DLL
0x00007ff980100000 - 0x00007ff98010c000 	c:\Users\jialm\.vscode\extensions\redhat.java-1.54.0-win32-x64\jre\21.0.10-win32-x86_64\bin\vcruntime140_1.dll
0x00007ff941270000 - 0x00007ff9412fd000 	c:\Users\jialm\.vscode\extensions\redhat.java-1.54.0-win32-x64\jre\21.0.10-win32-x86_64\bin\msvcp140.dll
0x00007ff832950000 - 0x00007ff8336f1000 	c:\Users\jialm\.vscode\extensions\redhat.java-1.54.0-win32-x64\jre\21.0.10-win32-x86_64\bin\server\jvm.dll
0x00007ff988600000 - 0x00007ff9886b6000 	C:\WINDOWS\System32\ADVAPI32.dll
0x00007ff987df0000 - 0x00007ff987e97000 	C:\WINDOWS\System32\sechost.dll
0x00007ff9870a0000 - 0x00007ff9871b8000 	C:\WINDOWS\System32\RPCRT4.dll
0x00007ff988570000 - 0x00007ff9885f0000 	C:\WINDOWS\System32\WS2_32.dll
0x00007ff984770000 - 0x00007ff9847ce000 	C:\WINDOWS\SYSTEM32\POWRPROF.dll
0x00007ff975970000 - 0x00007ff9759a6000 	C:\WINDOWS\SYSTEM32\WINMM.dll
0x00007ff9800e0000 - 0x00007ff9800eb000 	C:\WINDOWS\SYSTEM32\VERSION.dll
0x00007ff984750000 - 0x00007ff984764000 	C:\WINDOWS\SYSTEM32\UMPDC.dll
0x00007ff984a20000 - 0x00007ff984a3b000 	C:\WINDOWS\SYSTEM32\kernel.appcore.dll
0x00007ff97ed10000 - 0x00007ff97ed1a000 	c:\Users\jialm\.vscode\extensions\redhat.java-1.54.0-win32-x64\jre\21.0.10-win32-x86_64\bin\jimage.dll
0x00007ff983530000 - 0x00007ff983772000 	C:\WINDOWS\SYSTEM32\DBGHELP.DLL
0x00007ff988db0000 - 0x00007ff989133000 	C:\WINDOWS\System32\combase.dll
0x00007ff9881a0000 - 0x00007ff988279000 	C:\WINDOWS\System32\OLEAUT32.dll
0x00007ff95dca0000 - 0x00007ff95dcdb000 	C:\WINDOWS\SYSTEM32\dbgcore.DLL
0x00007ff9865b0000 - 0x00007ff986658000 	C:\WINDOWS\System32\bcryptPrimitives.dll
0x00007ff967c30000 - 0x00007ff967c3f000 	c:\Users\jialm\.vscode\extensions\redhat.java-1.54.0-win32-x64\jre\21.0.10-win32-x86_64\bin\instrument.dll
0x00007ff961a20000 - 0x00007ff961a40000 	c:\Users\jialm\.vscode\extensions\redhat.java-1.54.0-win32-x64\jre\21.0.10-win32-x86_64\bin\java.dll
0x00007ff9875c0000 - 0x00007ff987d2e000 	C:\WINDOWS\System32\SHELL32.dll
0x00007ff986660000 - 0x00007ff986ecc000 	C:\WINDOWS\System32\windows.storage.dll
0x00007ff9874c0000 - 0x00007ff9875b6000 	C:\WINDOWS\System32\SHCORE.dll
0x00007ff987220000 - 0x00007ff987286000 	C:\WINDOWS\System32\shlwapi.dll
0x00007ff985ad0000 - 0x00007ff985af9000 	C:\WINDOWS\SYSTEM32\profapi.dll
0x00007ff959d80000 - 0x00007ff959d98000 	c:\Users\jialm\.vscode\extensions\redhat.java-1.54.0-win32-x64\jre\21.0.10-win32-x86_64\bin\zip.dll
0x00007ff96a820000 - 0x00007ff96a830000 	C:\Users\jialm\.vscode\extensions\redhat.java-1.54.0-win32-x64\jre\21.0.10-win32-x86_64\bin\net.dll
0x00007ff97d5a0000 - 0x00007ff97d6c9000 	C:\WINDOWS\SYSTEM32\WINHTTP.dll
0x00007ff984f70000 - 0x00007ff984fdc000 	C:\WINDOWS\system32\mswsock.dll
0x00007ff96a550000 - 0x00007ff96a566000 	C:\Users\jialm\.vscode\extensions\redhat.java-1.54.0-win32-x64\jre\21.0.10-win32-x86_64\bin\nio.dll
0x00007ff961ec0000 - 0x00007ff961ed0000 	c:\Users\jialm\.vscode\extensions\redhat.java-1.54.0-win32-x64\jre\21.0.10-win32-x86_64\bin\verify.dll
0x00007ff872840000 - 0x00007ff872885000 	C:\Users\jialm\AppData\Roaming\Code\User\globalStorage\redhat.java\1.54.0\config_win\org.eclipse.equinox.launcher\org.eclipse.equinox.launcher.win32.win32.x86_64_1.3.0.v20260203-2149\eclipse_11919.dll
0x00007ff9883b0000 - 0x00007ff988547000 	C:\WINDOWS\System32\ole32.dll
0x00007ff985370000 - 0x00007ff98538b000 	C:\WINDOWS\SYSTEM32\CRYPTSP.dll
0x00007ff984980000 - 0x00007ff9849b9000 	C:\WINDOWS\system32\rsaenh.dll
0x00007ff985020000 - 0x00007ff985053000 	C:\WINDOWS\SYSTEM32\USERENV.dll
0x00007ff985aa0000 - 0x00007ff985aca000 	C:\WINDOWS\SYSTEM32\bcrypt.dll
0x00007ff9851d0000 - 0x00007ff9851dc000 	C:\WINDOWS\SYSTEM32\CRYPTBASE.dll
0x00007ff984370000 - 0x00007ff9843a2000 	C:\WINDOWS\SYSTEM32\IPHLPAPI.DLL
0x00007ff988550000 - 0x00007ff98855a000 	C:\WINDOWS\System32\NSI.dll
0x00007ff8a2060000 - 0x00007ff8a20a9000 	C:\Users\jialm\AppData\Local\Temp\jna-101117955\jna486828030837651391.dll
0x00007ff987ea0000 - 0x00007ff987ea8000 	C:\WINDOWS\System32\PSAPI.DLL
0x00007ff97d560000 - 0x00007ff97d57d000 	C:\WINDOWS\SYSTEM32\dhcpcsvc6.DLL
0x00007ff97d370000 - 0x00007ff97d395000 	C:\WINDOWS\SYSTEM32\dhcpcsvc.DLL
0x00007ff961ad0000 - 0x00007ff961ade000 	C:\Users\jialm\.vscode\extensions\redhat.java-1.54.0-win32-x64\jre\21.0.10-win32-x86_64\bin\sunmscapi.dll
0x00007ff9861c0000 - 0x00007ff986338000 	C:\WINDOWS\System32\CRYPT32.dll
0x00007ff9854d0000 - 0x00007ff985500000 	C:\WINDOWS\SYSTEM32\ncrypt.dll
0x00007ff985480000 - 0x00007ff9854bf000 	C:\WINDOWS\SYSTEM32\NTASN1.dll
0x00007ff958c70000 - 0x00007ff958cbb000 	C:\Program Files (x86)\Sangfor\SSL\ClientComponent\SangforNspX64.dll
0x00007ff984400000 - 0x00007ff984532000 	C:\WINDOWS\SYSTEM32\DNSAPI.dll
0x00007ff97e370000 - 0x00007ff97e37b000 	C:\Windows\System32\rasadhlp.dll
0x00007ff97ce60000 - 0x00007ff97cee6000 	C:\WINDOWS\System32\fwpuclnt.dll
0x00007ff9602b0000 - 0x00007ff9602b9000 	C:\Users\jialm\.vscode\extensions\redhat.java-1.54.0-win32-x64\jre\21.0.10-win32-x86_64\bin\extnet.dll
0x00007ff954000000 - 0x00007ff954027000 	C:\Users\jialm\.gradle\native\660c5614fbf4a5f2a75b1949f50a0caf5cd603558e7d8a26e50b933a0cfb79d1\windows-amd64\native-platform.dll
0x00007ff959e90000 - 0x00007ff959e9a000 	C:\Users\jialm\.vscode\extensions\redhat.java-1.54.0-win32-x64\jre\21.0.10-win32-x86_64\bin\management.dll
0x00007ff959c20000 - 0x00007ff959c2c000 	C:\Users\jialm\.vscode\extensions\redhat.java-1.54.0-win32-x64\jre\21.0.10-win32-x86_64\bin\management_ext.dll
0x00007ff97ed00000 - 0x00007ff97ed08000 	C:\WINDOWS\system32\wshunix.dll
0x00007ff95dc30000 - 0x00007ff95dc57000 	C:\Users\jialm\.gradle\native\c067742578af261105cb4f569cf0c3c89f3d7b1fecec35dd04571415982c5e48\windows-amd64\native-platform.dll

JVMTI agents:
c:\Users\jialm\.vscode\extensions\redhat.java-1.54.0-win32-x64\lombok\lombok-1.18.39-4050.jar path:c:\Users\jialm\.vscode\extensions\redhat.java-1.54.0-win32-x64\jre\21.0.10-win32-x86_64\bin\instrument.dll, loaded, initialized, instrumentlib options:none

dbghelp: loaded successfully - version: 4.0.5 - missing functions: none
symbol engine: initialized successfully - sym options: 0x614 - pdb path: .;c:\Users\jialm\.vscode\extensions\redhat.java-1.54.0-win32-x64\jre\21.0.10-win32-x86_64\bin;C:\WINDOWS\SYSTEM32;C:\WINDOWS\WinSxS\amd64_microsoft.windows.common-controls_6595b64144ccf1df_6.0.26100.8457_none_3e0b2faee331e92d;c:\Users\jialm\.vscode\extensions\redhat.java-1.54.0-win32-x64\jre\21.0.10-win32-x86_64\bin\server;C:\Users\jialm\AppData\Roaming\Code\User\globalStorage\redhat.java\1.54.0\config_win\org.eclipse.equinox.launcher\org.eclipse.equinox.launcher.win32.win32.x86_64_1.3.0.v20260203-2149;C:\Users\jialm\AppData\Local\Temp\jna-101117955;C:\Program Files (x86)\Sangfor\SSL\ClientComponent;C:\Users\jialm\.gradle\native\660c5614fbf4a5f2a75b1949f50a0caf5cd603558e7d8a26e50b933a0cfb79d1\windows-amd64;C:\Users\jialm\.gradle\native\c067742578af261105cb4f569cf0c3c89f3d7b1fecec35dd04571415982c5e48\windows-amd64

VM Arguments:
jvm_args: --add-modules=ALL-SYSTEM --add-opens=java.base/java.util=ALL-UNNAMED --add-opens=java.base/java.lang=ALL-UNNAMED --add-opens=java.base/sun.nio.fs=ALL-UNNAMED -Declipse.application=org.eclipse.jdt.ls.core.id1 -Dosgi.bundles.defaultStartLevel=4 -Declipse.product=org.eclipse.jdt.ls.core.product -Djava.import.generatesMetadataFilesAtProjectRoot=false -DDetectVMInstallationsJob.disabled=true -Dfile.encoding=utf8 -XX:+UseParallelGC -XX:GCTimeRatio=4 -XX:AdaptiveSizePolicyWeight=90 -Dsun.zip.disableMemoryMapping=true -Xmx2G -Xms100m -Xlog:disable -javaagent:c:\Users\jialm\.vscode\extensions\redhat.java-1.54.0-win32-x64\lombok\lombok-1.18.39-4050.jar -XX:+HeapDumpOnOutOfMemoryError -XX:HeapDumpPath=c:\Users\jialm\AppData\Roaming\Code\User\workspaceStorage\eae8f8868af4ed58ebe544d378d278c2\redhat.java -Daether.dependencyCollector.impl=bf 
java_command: c:\Users\jialm\.vscode\extensions\redhat.java-1.54.0-win32-x64\server\plugins\org.eclipse.equinox.launcher_1.7.100.v20251111-0406.jar -configuration c:\Users\jialm\AppData\Roaming\Code\User\globalStorage\redhat.java\1.54.0\config_win -data c:\Users\jialm\AppData\Roaming\Code\User\workspaceStorage\eae8f8868af4ed58ebe544d378d278c2\redhat.java\jdt_ws --pipe=\\.\pipe\lsp-b4f292e4b59f2de34aec6be78678b56e-sock
java_class_path (initial): c:\Users\jialm\.vscode\extensions\redhat.java-1.54.0-win32-x64\server\plugins\org.eclipse.equinox.launcher_1.7.100.v20251111-0406.jar
Launcher Type: SUN_STANDARD

[Global flags]
    uintx AdaptiveSizePolicyWeight                 = 90                                        {product} {command line}
     intx CICompilerCount                          = 15                                        {product} {ergonomic}
    uintx GCTimeRatio                              = 4                                         {product} {command line}
     bool HeapDumpOnOutOfMemoryError               = true                                   {manageable} {command line}
    ccstr HeapDumpPath                             = c:\Users\jialm\AppData\Roaming\Code\User\workspaceStorage\eae8f8868af4ed58ebe544d378d278c2\redhat.java         {manageable} {command line}
   size_t InitialHeapSize                          = 104857600                                 {product} {command line}
   size_t MaxHeapSize                              = 2147483648                                {product} {command line}
   size_t MaxNewSize                               = 715653120                                 {product} {ergonomic}
   size_t MinHeapDeltaBytes                        = 524288                                    {product} {ergonomic}
   size_t MinHeapSize                              = 104857600                                 {product} {command line}
   size_t NewSize                                  = 34603008                                  {product} {ergonomic}
    uintx NonNMethodCodeHeapSize                   = 8192380                                {pd product} {ergonomic}
    uintx NonProfiledCodeHeapSize                  = 121732930                              {pd product} {ergonomic}
   size_t OldSize                                  = 70254592                                  {product} {ergonomic}
    uintx ProfiledCodeHeapSize                     = 121732930                              {pd product} {ergonomic}
    uintx ReservedCodeCacheSize                    = 251658240                              {pd product} {ergonomic}
     bool SegmentedCodeCache                       = true                                      {product} {ergonomic}
   size_t SoftMaxHeapSize                          = 2147483648                             {manageable} {ergonomic}
     bool UseCompressedOops                        = true                           {product lp64_product} {ergonomic}
     bool UseLargePagesIndividualAllocation        = false                                  {pd product} {ergonomic}
     bool UseParallelGC                            = true                                      {product} {command line}

Logging:
Log output configuration:
 #0: stdout all=off uptime,level,tags foldmultilines=false
 #1: stderr all=off uptime,level,tags foldmultilines=false

Release file:
JAVA_VERSION="21.0.10" 
MODULES="java.base java.compiler java.datatransfer java.xml java.prefs java.desktop java.instrument java.logging java.management java.security.sasl java.naming java.rmi java.management.rmi java.net.http java.scripting java.security.jgss java.transaction.xa java.sql java.sql.rowset java.xml.crypto java.se java.smartcardio jdk.accessibility jdk.internal.jvmstat jdk.attach jdk.charsets jdk.internal.opt jdk.zipfs jdk.compiler jdk.crypto.ec jdk.crypto.cryptoki jdk.crypto.mscapi jdk.dynalink jdk.internal.ed jdk.editpad jdk.hotspot.agent jdk.httpserver jdk.internal.le jdk.internal.vm.ci jdk.internal.vm.compiler jdk.internal.vm.compiler.management jdk.jartool jdk.javadoc jdk.jcmd jdk.management jdk.management.agent jdk.jconsole jdk.jdeps jdk.jdwp.agent jdk.jdi jdk.jfr jdk.jshell jdk.jsobject jdk.jstatd jdk.localedata jdk.management.jfr jdk.naming.dns jdk.naming.rmi jdk.net jdk.nio.mapmode jdk.random jdk.sctp jdk.security.auth jdk.security.jgss jdk.unsupported jdk.unsupported.desktop jdk.xml.dom" 

Environment Variables:
JAVA_HOME=C:\Program Files\Android\openjdk\jdk-21.0.8
PATH=C:\Users\jialm\AppData\Local\Programs\Microsoft VS Code;C:\Program Files\Volta\;C:\WINDOWS\system32;C:\WINDOWS;C:\WINDOWS\System32\Wbem;C:\WINDOWS\System32\WindowsPowerShell\v1.0\;C:\WINDOWS\System32\OpenSSH\;C:\Program Files\Microsoft SQL Server\170\Tools\Binn\;C:\Program Files\Microsoft SQL Server\Client SDK\ODBC\170\Tools\Binn\;C:\Program Files\dotnet\;C:\Users\jialm\AppData\Local\nvm;C:\nvm4w\nodejs;C:\Program Files\Git\cmd;C:\Program Files\GitHub CLI\;C:\Program Files\Qoder\bin;C:\Program Files\PowerShell\7\;C:\Program Files\PuTTY\;C:\Users\jialm\AppData\Local\Volta\bin;C:\Users\jialm\.local\bin;C:\Users\jialm\AppData\Local\Microsoft\WindowsApps;C:\Users\jialm\AppData\Local\Programs\Microsoft VS Code\bin;C:\Program Files\JetBrains\IntelliJ IDEA 2026.1.1\bin;C:\Users\jialm\AppData\Local\Python\bin;C:\Users\jialm\.dotnet\tools;C:\Program Files\Android\openjdk\jdk-21.0.8\bin;C:\Users\jialm\AppData\Local\Android\Sdk\platform-tools;C:\Users\jialm\AppData\Local\Android\Sdk\build-tools\34.0.0;D:\java\maven\bin;C:\Users\jialm\AppData\Local\Android\Sdk\cmdline-tools\latest\bin;C:\Users\jialm\.gradle\wrapper\dists\gradle-9.4.1-bin\arn2x92ynaizyzdaamcbpbhtj\gradle-9.4.1\bin;C:\Users\jialm\.lmstudio\bin;C:\Users\jialm\.dotnet\tools
USERNAME=jialm
OS=Windows_NT
PROCESSOR_IDENTIFIER=AMD64 Family 26 Model 68 Stepping 0, AuthenticAMD
TMP=C:\Users\jialm\AppData\Local\Temp
TEMP=C:\Users\jialm\AppData\Local\Temp




Periodic native trim disabled

---------------  S Y S T E M  ---------------

OS:
 Windows 11 , 64 bit Build 26100 (10.0.26100.8328)
OS uptime: 6 days 3:01 hours
Hyper-V role detected

CPU: total 32 (initial active 32) (32 cores per cpu, 2 threads per core) family 26 model 68 stepping 0 microcode 0xb404035, cx8, cmov, fxsr, ht, mmx, 3dnowpref, sse, sse2, sse3, ssse3, sse4a, sse4.1, sse4.2, popcnt, lzcnt, tsc, tscinvbit, avx, avx2, aes, erms, clmul, bmi1, bmi2, adx, avx512f, avx512dq, avx512cd, avx512bw, avx512vl, sha, fma, vzeroupper, avx512_vpopcntdq, avx512_vpclmulqdq, avx512_vaes, avx512_vnni, clflush, clflushopt, avx512_vbmi2, avx512_vbmi, hv, rdtscp, rdpid, fsrm, gfni, avx512_bitalg, f16c, cet_ss, avx512_ifma
Processor Information for the first 32 processors :
  Max Mhz: 4300, Current Mhz: 4300, Mhz Limit: 4300

Memory: 4k page, system-wide physical 48242M (1092M free)
TotalPageFile size 109156M (AvailPageFile size 54M)
current process WorkingSet (physical memory assigned to process): 122M, peak: 410M
current process commit charge ("private bytes"): 539M, peak: 544M

vm_info: OpenJDK 64-Bit Server VM (21.0.10+7-LTS) for windows-amd64 JRE (21.0.10+7-LTS), built on 2026-01-20T00:00:00Z by "admin" with MS VC++ 17.12 (VS2022)

END.
